<?xml version="1.0" encoding="UTF-8"?>
<testng-results skipped="0" failed="0" ignored="1" total="2" passed="1">
  <reporter-output>
  </reporter-output>
  <suite name="Parallel Execution" duration-ms="13091" started-at="2019-11-20T10:39:02Z" finished-at="2019-11-20T10:39:15Z">
    <groups>
    </groups>
    <test name="Second Test" duration-ms="13091" started-at="2019-11-20T10:39:02Z" finished-at="2019-11-20T10:39:15Z">
      <class name="com.qa.newtours.tests.RegistrationPageTests">
        <test-method status="PASS" signature="setUpTest(java.lang.String)[pri:0, instance:com.qa.newtours.tests.RegistrationPageTests@f6c48ac]" name="setUpTest" is-config="true" duration-ms="8116" started-at="2019-11-20T10:39:02Z" finished-at="2019-11-20T10:39:10Z">
          <params>
            <param index="0">
              <value>
                <![CDATA[firefox]]>
              </value>
            </param>
          </params>
          <reporter-output>
          </reporter-output>
        </test-method> <!-- setUpTest -->
        <test-method status="PASS" signature="verifyUserRegistrationTest()[pri:0, instance:com.qa.newtours.tests.RegistrationPageTests@f6c48ac]" name="verifyUserRegistrationTest" duration-ms="4082" started-at="2019-11-20T10:39:10Z" finished-at="2019-11-20T10:39:14Z">
          <reporter-output>
          </reporter-output>
        </test-method> <!-- verifyUserRegistrationTest -->
        <test-method status="PASS" signature="tearDownTest()[pri:0, instance:com.qa.newtours.tests.RegistrationPageTests@f6c48ac]" name="tearDownTest" is-config="true" duration-ms="844" started-at="2019-11-20T10:39:14Z" finished-at="2019-11-20T10:39:15Z">
          <reporter-output>
          </reporter-output>
        </test-method> <!-- tearDownTest -->
      </class> <!-- com.qa.newtours.tests.RegistrationPageTests -->
    </test> <!-- Second Test -->
  </suite> <!-- Parallel Execution -->
</testng-results>
