<?xml version="1.0" encoding="UTF-8"?>
<!-- Generated by org.testng.reporters.JUnitXMLReporter -->
<testsuite hostname="Sandeeps-MacBook-Air.local" ignored="1" name="Second Test" tests="1" failures="0" timestamp="20 Nov 2019 10:39:15 GMT" time="13.091" errors="0">
  <testcase name="verifyUserRegistrationTest" time="4.082" classname="com.qa.newtours.tests.RegistrationPageTests"/>
  <testcase name="verifyRegistrationPageTitleTest" time="0.0" classname="com.qa.newtours.tests.RegistrationPageTests">
    <ignored/>
  </testcase> <!-- verifyRegistrationPageTitleTest -->
</testsuite> <!-- Second Test -->
